<?xml version="1.0" encoding="UTF-8"?>
<!-- Generated by org.testng.reporters.JUnitReportReporter -->
<testsuite hostname="Jaafoul-PC" name="com.jaa.ham.ResTfulSpringBootApplicationTests" tests="2" failures="0" timestamp="9 Oct 2019 13:31:25 GMT" time="0.573" errors="0">
  <testcase name="test_change_adresse" time="0.463" classname="com.jaa.ham.ResTfulSpringBootApplicationTests"/>
  <testcase name="test_get_last_adresse_audit" time="0.110" classname="com.jaa.ham.ResTfulSpringBootApplicationTests"/>
</testsuite> <!-- com.jaa.ham.ResTfulSpringBootApplicationTests -->
